build/app/outputs/mapping/stagingRelease/seeds.txt
com.solutech.habit_quest.MainActivity
com.solutech.habit_quest.MainActivity: MainActivity()
...
androidx.datastore.preferences.PreferencesProto$PreferenceMap: androidx.datastore.preferences.PreferencesProto$PreferenceMap DEFAULT_INSTANCE
com.google.android.recaptcha.internal.zzex: com.google.android.recaptcha.internal.zzex zza
com.dexterous.flutterlocalnotifications.models.NotificationDetails: java.lang.Integer ledColor
com.dexterous.flutterlocalnotifications.FlutterLocalNotificationsPlugin: java.lang.String CANCEL_ID
com.google.firebase.firestore.proto.MaybeDocument: java.lang.Object documentType_
com.google.android.recaptcha.internal.zzni: boolean zzg
com.google.android.gms.internal.fido.zzak: java.lang.Object zzb
com.google.android.recaptcha.internal.zzjm: com.google.android.recaptcha.internal.zzkw zza
com.google.android.recaptcha.internal.zzpq: java.lang.String zzi
com.google.android.gms.internal.auth.zzef: int zzc
com.dexterous.flutterlocalnotifications.models.NotificationDetails: java.lang.String DAY
com.google.android.gms.internal.firebase-auth-api.zznf: int[] zzb
com.google.android.recaptcha.internal.zzkj: com.google.android.recaptcha.internal.zzkj zzE
com.google.android.recaptcha.internal.zzjd: byte[] zzb
com.google.firestore.v1.Write: int TRANSFORM_FIELD_NUMBER
com.google.android.recaptcha.internal.zzix: int zzi
com.google.android.gms.internal.firebase-auth-api.zzup: com.google.android.gms.internal.firebase-auth-api.zzup zze
com.google.android.gms.internal.firebase-auth-api.zzyd: com.google.android.gms.internal.firebase-auth-api.zzyd[] zzd
com.google.android.recaptcha.internal.zzbg: com.google.android.recaptcha.internal.zzbg zzah
com.google.android.recaptcha.internal.zznz: com.google.android.recaptcha.internal.zznz zzO
io.flutter.view.FlutterCallbackInformation: java.lang.String callbackName
io.flutter.plugins.firebase.core.FlutterFirebasePlugin: java.util.concurrent.ExecutorService cachedThreadPool
com.dexterous.flutterlocalnotifications.FlutterLocalNotificationsPlugin: java.lang.String PERIODICALLY_SHOW_WITH_DURATION
com.google.android.gms.internal.firebase-auth-api.zzdo$zza: com.google.android.gms.internal.firebase-auth-api.zzdv zza
com.google.android.recaptcha.internal.zzjb: int zzd
com.google.android.gms.internal.common.zzh: com.google.android.gms.internal.common.zze zzb
com.google.android.gms.internal.firebase-auth-api.zzqk$zza: java.lang.Integer zza
com.google.android.gms.internal.firebase-auth-api.zzve: com.google.android.gms.internal.firebase-auth-api.zzve zzc
com.google.android.recaptcha.internal.zzmq: int zzb
com.dexterous.flutterlocalnotifications.models.styles.BigTextStyleInformation: java.lang.Boolean htmlFormatContentTitle
com.google.android.gms.fido.fido2.api.common.PublicKeyCredentialCreationOptions: android.os.Parcelable$Creator CREATOR
com.google.android.gms.internal.firebase-auth-api.zzhw: int zzb
com.google.android.play.core.integrity.ac: com.google.android.play.core.integrity.ad a
com.google.android.gms.internal.base.zat: com.google.android.gms.internal.base.zaq zab
com.google.android.gms.internal.firebase-auth-api.zzafy: java.lang.String zzd
com.google.android.gms.internal.fido.zzh: com.google.android.gms.internal.fido.zzdp zzn
com.google.android.gms.tasks.zzl: com.google.android.gms.tasks.OnFailureListener zzc
com.google.android.gms.internal.firebase-auth-api.zzacq: java.lang.String zzab
com.google.android.recaptcha.internal.zzkp: com.google.android.recaptcha.internal.zznm zzb
com.google.android.recaptcha.internal.zzc: com.google.android.recaptcha.internal.zzdf zze
com.google.android.gms.internal.firebase-auth-api.zzap: com.google.android.gms.internal.firebase-auth-api.zzau zza
com.google.android.gms.internal.firebase-auth-api.zzaaa: java.lang.String zzb
com.google.firestore.v1.Precondition: int UPDATE_TIME_FIELD_NUMBER
com.google.android.gms.internal.firebase-auth-api.zzju$zzd: com.google.android.gms.internal.firebase-auth-api.zzju$zze zzd
com.google.android.recaptcha.internal.zzdx: java.lang.Object zze